<?xml version="1.0" encoding="UTF-8"?>
<testsuite xmlns:xsi="http://www.w3.org/2001/XMLSchema-instance" xsi:noNamespaceSchemaLocation="https://maven.apache.org/surefire/maven-surefire-plugin/xsd/surefire-test-report.xsd" name="coom.epam.TddAndJTest.AppTest" time="0.026" tests="5" errors="5" skipped="0" failures="0">
  <properties>
    <property name="java.specification.version" value="13"/>
    <property name="sun.cpu.isalist" value="amd64"/>
    <property name="sun.jnu.encoding" value="Cp1252"/>
    <property name="java.class.path" value="C:\Users\prane\eclipse-workspace\TddAndJTest\target\test-classes;C:\Users\prane\eclipse-workspace\TddAndJTest\target\classes;C:\Users\prane\.m2\repository\org\junit\jupiter\junit-jupiter-engine\5.5.2\junit-jupiter-engine-5.5.2.jar;C:\Users\prane\.m2\repository\org\apiguardian\apiguardian-api\1.1.0\apiguardian-api-1.1.0.jar;C:\Users\prane\.m2\repository\org\junit\platform\junit-platform-engine\1.5.2\junit-platform-engine-1.5.2.jar;C:\Users\prane\.m2\repository\org\junit\jupiter\junit-jupiter-api\5.5.2\junit-jupiter-api-5.5.2.jar;C:\Users\prane\.m2\repository\org\opentest4j\opentest4j\1.2.0\opentest4j-1.2.0.jar;C:\Users\prane\.m2\repository\org\junit\platform\junit-platform-commons\1.5.2\junit-platform-commons-1.5.2.jar;C:\Users\prane\.m2\repository\junit\junit\4.11\junit-4.11.jar;C:\Users\prane\.m2\repository\org\hamcrest\hamcrest-core\1.3\hamcrest-core-1.3.jar;"/>
    <property name="java.vm.vendor" value="Oracle Corporation"/>
    <property name="sun.arch.data.model" value="64"/>
    <property name="user.variant" value=""/>
    <property name="java.vendor.url" value="https://java.oracle.com/"/>
    <property name="user.timezone" value="Asia/Calcutta"/>
    <property name="os.name" value="Windows 10"/>
    <property name="java.vm.specification.version" value="13"/>
    <property name="sun.java.launcher" value="SUN_STANDARD"/>
    <property name="user.country" value="IN"/>
    <property name="sun.boot.library.path" value="C:\Program Files\jdk-13.0.2\bin"/>
    <property name="sun.java.command" value="C:\Users\prane\AppData\Local\Temp\surefire12916948230913612810\surefirebooter6945951473845416461.jar C:\Users\prane\AppData\Local\Temp\surefire12916948230913612810 2020-03-23T22-32-52_666-jvmRun1 surefire571053022896447017tmp surefire_08826312317008279878tmp"/>
    <property name="jdk.debug" value="release"/>
    <property name="surefire.test.class.path" value="C:\Users\prane\eclipse-workspace\TddAndJTest\target\test-classes;C:\Users\prane\eclipse-workspace\TddAndJTest\target\classes;C:\Users\prane\.m2\repository\org\junit\jupiter\junit-jupiter-engine\5.5.2\junit-jupiter-engine-5.5.2.jar;C:\Users\prane\.m2\repository\org\apiguardian\apiguardian-api\1.1.0\apiguardian-api-1.1.0.jar;C:\Users\prane\.m2\repository\org\junit\platform\junit-platform-engine\1.5.2\junit-platform-engine-1.5.2.jar;C:\Users\prane\.m2\repository\org\junit\jupiter\junit-jupiter-api\5.5.2\junit-jupiter-api-5.5.2.jar;C:\Users\prane\.m2\repository\org\opentest4j\opentest4j\1.2.0\opentest4j-1.2.0.jar;C:\Users\prane\.m2\repository\org\junit\platform\junit-platform-commons\1.5.2\junit-platform-commons-1.5.2.jar;C:\Users\prane\.m2\repository\junit\junit\4.11\junit-4.11.jar;C:\Users\prane\.m2\repository\org\hamcrest\hamcrest-core\1.3\hamcrest-core-1.3.jar;"/>
    <property name="sun.cpu.endian" value="little"/>
    <property name="user.home" value="C:\Users\prane"/>
    <property name="user.language" value="en"/>
    <property name="java.specification.vendor" value="Oracle Corporation"/>
    <property name="java.version.date" value="2020-01-14"/>
    <property name="java.home" value="C:\Program Files\jdk-13.0.2"/>
    <property name="file.separator" value="\"/>
    <property name="basedir" value="C:\Users\prane\eclipse-workspace\TddAndJTest"/>
    <property name="java.vm.compressedOopsMode" value="Zero based"/>
    <property name="line.separator" value="&#10;"/>
    <property name="java.vm.specification.vendor" value="Oracle Corporation"/>
    <property name="java.specification.name" value="Java Platform API Specification"/>
    <property name="surefire.real.class.path" value="C:\Users\prane\AppData\Local\Temp\surefire12916948230913612810\surefirebooter6945951473845416461.jar"/>
    <property name="user.script" value=""/>
    <property name="sun.management.compiler" value="HotSpot 64-Bit Tiered Compilers"/>
    <property name="java.runtime.version" value="13.0.2+8"/>
    <property name="user.name" value="prane"/>
    <property name="path.separator" value=";"/>
    <property name="os.version" value="10.0"/>
    <property name="java.runtime.name" value="Java(TM) SE Runtime Environment"/>
    <property name="file.encoding" value="Cp1252"/>
    <property name="java.vm.name" value="Java HotSpot(TM) 64-Bit Server VM"/>
    <property name="localRepository" value="C:\Users\prane\.m2\repository"/>
    <property name="java.vendor.url.bug" value="https://bugreport.java.com/bugreport/"/>
    <property name="java.io.tmpdir" value="C:\Users\prane\AppData\Local\Temp\"/>
    <property name="java.version" value="13.0.2"/>
    <property name="user.dir" value="C:\Users\prane\eclipse-workspace\TddAndJTest"/>
    <property name="os.arch" value="amd64"/>
    <property name="java.vm.specification.name" value="Java Virtual Machine Specification"/>
    <property name="sun.os.patch.level" value=""/>
    <property name="java.library.path" value="C:\Program Files\jdk-13.0.2\bin;C:\WINDOWS\Sun\Java\bin;C:\WINDOWS\system32;C:\WINDOWS;C:/Program Files/jdk-13.0.2/bin/server;C:/Program Files/jdk-13.0.2/bin;C:\Program Files (x86)\Common Files\Oracle\Java\javapath;C:\Windows\system32;C:\Windows;C:\Windows\System32\Wbem;C:\Windows\System32\WindowsPowerShell\v1.0\;C:\Windows\System32\OpenSSH\;C:\Program Files (x86)\Intel\Intel(R) Management Engine Components\DAL;C:\Program Files\Intel\Intel(R) Management Engine Components\DAL;C:\Program Files (x86)\NVIDIA Corporation\PhysX\Common;C:\Program Files\NVIDIA Corporation\NVIDIA NvDLISR;C:\Program Files\NVIDIA Corporation\NVIDIA NGX;C:\WINDOWS\system32;C:\WINDOWS;C:\WINDOWS\System32\Wbem;C:\WINDOWS\System32\WindowsPowerShell\v1.0\;C:\WINDOWS\System32\OpenSSH\;C:\Program Files\jdk-13.0.2\bin;C:\Program Files\nodejs\;&apos;C:\\Users\\prane\\.local\\pipx\\venvs\\virtualenv;C:\Users\prane\AppData\Roaming\Microsoft\Windows\Start Menu\Programs\Python 3.6;C:\Program Files (x86)\Common Files\Oracle\Java\javapath;C:\Windows\system32;C:\Windows;C:\Windows\System32\Wbem;C:\Windows\System32\WindowsPowerShell\v1.0\;C:\Windows\System32\OpenSSH\;C:\Program Files (x86)\Intel\Intel(R) Management Engine Components\DAL;C:\Program Files\Intel\Intel(R) Management Engine Components\DAL;C:\Program Files (x86)\NVIDIA Corporation\PhysX\Common;C:\Program Files\NVIDIA Corporation\NVIDIA NvDLISR;C:\Program Files\NVIDIA Corporation\NVIDIA NGX;C:\WINDOWS\system32;C:\WINDOWS;C:\WINDOWS\System32\Wbem;C:\WINDOWS\System32\WindowsPowerShell\v1.0\;C:\WINDOWS\System32\OpenSSH\;C:\Program Files\jdk-13.0.2\bin;C:\Program Files\nodejs\;C:\Users\prane\AppData\Local\Programs\Python\Python38-32\Scripts\;C:\Users\prane\AppData\Local\Programs\Python\Python38-32\;C:\Users\prane\AppData\Local\Microsoft\WindowsApps;C:\Users\prane\AppData\Roaming\npm;C:\Program Files\JetBrains\PyCharm 2019.3.3\bin;;C:\Users\prane\.local\bin;C:\Users\prane\Desktop;;."/>
    <property name="java.vm.info" value="mixed mode, sharing"/>
    <property name="java.vendor" value="Oracle Corporation"/>
    <property name="java.vm.version" value="13.0.2+8"/>
    <property name="sun.io.unicode.encoding" value="UnicodeLittle"/>
    <property name="java.class.version" value="57.0"/>
  </properties>
  <testcase name="test1" classname="coom.epam.TddAndJTest.AppTest" time="0.019">
    <error type="java.lang.NullPointerException">java.lang.NullPointerException
	at coom.epam.TddAndJTest.AppTest.test1(AppTest.java:15)
</error>
  </testcase>
  <testcase name="test2" classname="coom.epam.TddAndJTest.AppTest" time="0">
    <error type="java.lang.NullPointerException">java.lang.NullPointerException
	at coom.epam.TddAndJTest.AppTest.test2(AppTest.java:20)
</error>
  </testcase>
  <testcase name="test3" classname="coom.epam.TddAndJTest.AppTest" time="0.001">
    <error type="java.lang.NullPointerException">java.lang.NullPointerException
	at coom.epam.TddAndJTest.AppTest.test3(AppTest.java:25)
</error>
  </testcase>
  <testcase name="test4" classname="coom.epam.TddAndJTest.AppTest" time="0">
    <error type="java.lang.NullPointerException">java.lang.NullPointerException
	at coom.epam.TddAndJTest.AppTest.test4(AppTest.java:30)
</error>
  </testcase>
  <testcase name="test5" classname="coom.epam.TddAndJTest.AppTest" time="0.001">
    <error type="java.lang.NullPointerException">java.lang.NullPointerException
	at coom.epam.TddAndJTest.AppTest.test5(AppTest.java:35)
</error>
  </testcase>
</testsuite>